<?xml version="1.0" encoding="UTF-8"?>
<testsuite xmlns:xsi="http://www.w3.org/2001/XMLSchema-instance" xsi:noNamespaceSchemaLocation="https://maven.apache.org/surefire/maven-surefire-plugin/xsd/surefire-test-report-3.0.xsd" version="3.0" name="TestSuite" time="25.487" tests="1" errors="0" skipped="0" failures="0">
  <properties>
[...]
</properties>
  <testcase name="testUntitledTestCase" classname="test.Katalon" time="17.745">
    <system-out><![CDATA[[DEBUG] 2023-04-28 15:14:21.297 [main] InternalLoggerFactory - Using Log4J2 as the default logging framework
[DEBUG] 2023-04-28 15:14:21.322 [main] ResourceLeakDetector - -Dio.netty.leakDetection.level: simple
[DEBUG] 2023-04-28 15:14:21.323 [main] ResourceLeakDetector - -Dio.netty.leakDetection.targetRecords: 4
[DEBUG] 2023-04-28 15:14:21.328 [main] ResourceLeakDetectorFactory - Loaded default ResourceLeakDetector: io.netty.util.ResourceLeakDetector@49298ce7
[DEBUG] 2023-04-28 15:14:21.344 [main] PlatformDependent0 - -Dio.netty.noUnsafe: false
[DEBUG] 2023-04-28 15:14:21.345 [main] PlatformDependent0 - Java version: 11
[DEBUG] 2023-04-28 15:14:21.348 [main] PlatformDependent0 - sun.misc.Unsafe.theUnsafe: available
[DEBUG] 2023-04-28 15:14:21.349 [main] PlatformDependent0 - sun.misc.Unsafe.copyMemory: available
[DEBUG] 2023-04-28 15:14:21.350 [main] PlatformDependent0 - sun.misc.Unsafe.storeFence: available
[DEBUG] 2023-04-28 15:14:21.353 [main] PlatformDependent0 - java.nio.Buffer.address: available
[DEBUG] 2023-04-28 15:14:21.354 [main] PlatformDependent0 - direct buffer constructor: unavailable: Reflective setAccessible(true) disabled
[DEBUG] 2023-04-28 15:14:21.355 [main] PlatformDependent0 - java.nio.Bits.unaligned: available, true
[DEBUG] 2023-04-28 15:14:21.356 [main] PlatformDependent0 - jdk.internal.misc.Unsafe.allocateUninitializedArray(int): unavailable: class io.netty.util.internal.PlatformDependent0$7 cannot access class jdk.internal.misc.Unsafe (in module java.base) because module java.base does not export jdk.internal.misc to unnamed module @6f89f665
[DEBUG] 2023-04-28 15:14:21.358 [main] PlatformDependent0 - java.nio.DirectByteBuffer.<init>(long, int): unavailable
[DEBUG] 2023-04-28 15:14:21.358 [main] PlatformDependent - sun.misc.Unsafe: available
[DEBUG] 2023-04-28 15:14:21.359 [main] PlatformDependent - maxDirectMemory: 4294967296 bytes (maybe)
[DEBUG] 2023-04-28 15:14:21.360 [main] PlatformDependent - -Dio.netty.tmpdir: /var/folders/s5/tvyc_b8d6w133zjpq251cg200000gn/T (java.io.tmpdir)
[DEBUG] 2023-04-28 15:14:21.360 [main] PlatformDependent - -Dio.netty.bitMode: 64 (sun.arch.data.model)
[DEBUG] 2023-04-28 15:14:21.365 [main] PlatformDependent - Platform: MacOS
[DEBUG] 2023-04-28 15:14:21.366 [main] PlatformDependent - -Dio.netty.maxDirectMemory: -1 bytes
[DEBUG] 2023-04-28 15:14:21.366 [main] PlatformDependent - -Dio.netty.uninitializedArrayAllocationThreshold: -1
[DEBUG] 2023-04-28 15:14:21.367 [main] CleanerJava9 - java.nio.ByteBuffer.cleaner(): available
[DEBUG] 2023-04-28 15:14:21.368 [main] PlatformDependent - -Dio.netty.noPreferDirect: false
[DEBUG] 2023-04-28 15:14:21.375 [main] PlatformDependent - org.jctools-core.MpscChunkedArrayQueue: available
[DEBUG] 2023-04-28 15:14:21.400 [main] InternalThreadLocalMap - -Dio.netty.threadLocalMap.stringBuilder.initialSize: 1024
[DEBUG] 2023-04-28 15:14:21.401 [main] InternalThreadLocalMap - -Dio.netty.threadLocalMap.stringBuilder.maxSize: 4096
[DEBUG] 2023-04-28 15:14:21.627 [main] JdkSslContext - Default protocols (JDK): [TLSv1.3, TLSv1.2] 
[DEBUG] 2023-04-28 15:14:21.627 [main] JdkSslContext - Default cipher suites (JDK): [TLS_ECDHE_ECDSA_WITH_AES_256_GCM_SHA384, TLS_ECDHE_ECDSA_WITH_AES_128_GCM_SHA256, TLS_ECDHE_RSA_WITH_AES_128_GCM_SHA256, TLS_ECDHE_RSA_WITH_AES_256_GCM_SHA384, TLS_ECDHE_RSA_WITH_AES_128_CBC_SHA, TLS_ECDHE_RSA_WITH_AES_256_CBC_SHA, TLS_RSA_WITH_AES_128_GCM_SHA256, TLS_RSA_WITH_AES_128_CBC_SHA, TLS_RSA_WITH_AES_256_CBC_SHA, TLS_AES_128_GCM_SHA256, TLS_AES_256_GCM_SHA384]
[DEBUG] 2023-04-28 15:14:21.639 [main] GlobalEventExecutor - -Dio.netty.globalEventExecutor.quietPeriodSeconds: 1
[DEBUG] 2023-04-28 15:14:21.648 [main] MultithreadEventLoopGroup - -Dio.netty.eventLoopThreads: 16
[DEBUG] 2023-04-28 15:14:21.657 [main] NioEventLoop - -Dio.netty.noKeySetOptimization: false
[DEBUG] 2023-04-28 15:14:21.657 [main] NioEventLoop - -Dio.netty.selectorAutoRebuildThreshold: 512
[DEBUG] 2023-04-28 15:14:21.678 [main] PooledByteBufAllocator - -Dio.netty.allocator.numHeapArenas: 16
[DEBUG] 2023-04-28 15:14:21.678 [main] PooledByteBufAllocator - -Dio.netty.allocator.numDirectArenas: 16
[DEBUG] 2023-04-28 15:14:21.678 [main] PooledByteBufAllocator - -Dio.netty.allocator.pageSize: 8192
[DEBUG] 2023-04-28 15:14:21.678 [main] PooledByteBufAllocator - -Dio.netty.allocator.maxOrder: 9
[DEBUG] 2023-04-28 15:14:21.679 [main] PooledByteBufAllocator - -Dio.netty.allocator.chunkSize: 4194304
[DEBUG] 2023-04-28 15:14:21.679 [main] PooledByteBufAllocator - -Dio.netty.allocator.smallCacheSize: 256
[DEBUG] 2023-04-28 15:14:21.679 [main] PooledByteBufAllocator - -Dio.netty.allocator.normalCacheSize: 64
[DEBUG] 2023-04-28 15:14:21.679 [main] PooledByteBufAllocator - -Dio.netty.allocator.maxCachedBufferCapacity: 32768
[DEBUG] 2023-04-28 15:14:21.679 [main] PooledByteBufAllocator - -Dio.netty.allocator.cacheTrimInterval: 8192
[DEBUG] 2023-04-28 15:14:21.679 [main] PooledByteBufAllocator - -Dio.netty.allocator.cacheTrimIntervalMillis: 0
[DEBUG] 2023-04-28 15:14:21.679 [main] PooledByteBufAllocator - -Dio.netty.allocator.useCacheForAllThreads: false
[DEBUG] 2023-04-28 15:14:21.680 [main] PooledByteBufAllocator - -Dio.netty.allocator.maxCachedByteBuffersPerChunk: 1023
[DEBUG] 2023-04-28 15:14:21.688 [main] ByteBufUtil - -Dio.netty.allocator.type: pooled
[DEBUG] 2023-04-28 15:14:21.689 [main] ByteBufUtil - -Dio.netty.threadLocalDirectBufferSize: 0
[DEBUG] 2023-04-28 15:14:21.689 [main] ByteBufUtil - -Dio.netty.maxThreadLocalCharBufferSize: 16384
[DEBUG] 2023-04-28 15:14:22.014 [Forwarding newSession on session null to remote] DefaultChannelId - -Dio.netty.processId: 4138 (auto-detected)
[DEBUG] 2023-04-28 15:14:22.016 [Forwarding newSession on session null to remote] NetUtil - -Djava.net.preferIPv4Stack: false
[DEBUG] 2023-04-28 15:14:22.017 [Forwarding newSession on session null to remote] NetUtil - -Djava.net.preferIPv6Addresses: false
[DEBUG] 2023-04-28 15:14:22.018 [Forwarding newSession on session null to remote] NetUtilInitializations - Loopback interface: lo0 (lo0, 0:0:0:0:0:0:0:1%lo0)
[DEBUG] 2023-04-28 15:14:22.019 [Forwarding newSession on session null to remote] NetUtil - Failed to get SOMAXCONN from sysctl and file /proc/sys/net/core/somaxconn. Default: 128
[DEBUG] 2023-04-28 15:14:22.020 [Forwarding newSession on session null to remote] DefaultChannelId - -Dio.netty.machineId: c8:89:f3:ff:fe:be:60:b0 (auto-detected)
[DEBUG] 2023-04-28 15:14:22.095 [AsyncHttpClient-1-2] AbstractByteBuf - -Dio.netty.buffer.checkAccessible: true
[DEBUG] 2023-04-28 15:14:22.096 [AsyncHttpClient-1-2] AbstractByteBuf - -Dio.netty.buffer.checkBounds: true
[DEBUG] 2023-04-28 15:14:22.097 [AsyncHttpClient-1-2] ResourceLeakDetectorFactory - Loaded default ResourceLeakDetector: io.netty.util.ResourceLeakDetector@6fa05034
[DEBUG] 2023-04-28 15:14:22.187 [AsyncHttpClient-1-2] Recycler - -Dio.netty.recycler.maxCapacityPerThread: 4096
[DEBUG] 2023-04-28 15:14:22.190 [AsyncHttpClient-1-2] Recycler - -Dio.netty.recycler.ratio: 8
[DEBUG] 2023-04-28 15:14:22.191 [AsyncHttpClient-1-2] Recycler - -Dio.netty.recycler.chunkSize: 32
[DEBUG] 2023-04-28 15:14:22.191 [AsyncHttpClient-1-2] Recycler - -Dio.netty.recycler.blocking: false
[DEBUG] 2023-04-28 15:14:22.191 [AsyncHttpClient-1-2] Recycler - -Dio.netty.recycler.batchFastThreadLocalOnly: true
[DEBUG] 2023-04-28 15:14:27.015 [AsyncHttpClient-1-2] Brotli - brotli4j not in the classpath; Brotli support will be unavailable.
[DEBUG] 2023-04-28 15:14:27.147 [main] ThreadLocalRandom - -Dio.netty.initialSeedUniquifier: 0x5e4ddb14020a35ee
testUntitledTestCase
testUntitledTestCase Finished successfully
]]></system-out>
    <system-err><![CDATA[SLF4J: No SLF4J providers were found.
SLF4J: Defaulting to no-operation (NOP) logger implementation
SLF4J: See https://www.slf4j.org/codes.html#noProviders for further details.
Starting ChromeDriver 112.0.5615.49 (bd2a7bcb881c11e8cfe3078709382934e3916914-refs/branch-heads/5615@{#936}) on port 2996
Only local connections are allowed.
Please see https://chromedriver.chromium.org/security-considerations for suggestions on keeping ChromeDriver safe.
ChromeDriver was started successfully.
квіт. 28, 2023 3:14:27 ПП org.openqa.selenium.devtools.CdpVersionFinder findNearestMatch
WARNING: Unable to find an exact match for CDP version 112, so returning the closest version found: 111
]]></system-err>
  </testcase>
</testsuite>