<?xml version="1.0" encoding="UTF-8"?>
<testng-results ignored="0" total="1" passed="1" failed="0" skipped="0">
  <reporter-output>
  </reporter-output>
  <suite started-at="2023-04-28T15:09:42 EEST" name="All Test Suite" finished-at="2023-04-28T15:10:07 EEST" duration-ms="24833">
    <groups>
    </groups>
    <test started-at="2023-04-28T15:09:42 EEST" name="google" finished-at="2023-04-28T15:10:07 EEST" duration-ms="24833">
      <class name="test.Katalon">
        <test-method is-config="true" signature="setUp()[pri:0, instance:test.Katalon@69997e9d]" started-at="2023-04-28T15:09:42 EEST" name="setUp" finished-at="2023-04-28T15:09:48 EEST" duration-ms="6485" status="PASS">
          <reporter-output>
          </reporter-output>
        </test-method> <!-- setUp -->
        <test-method signature="testUntitledTestCase()[pri:0, instance:test.Katalon@69997e9d]" started-at="2023-04-28T15:09:48 EEST" name="testUntitledTestCase" finished-at="2023-04-28T15:10:07 EEST" duration-ms="18142" status="PASS">
          <reporter-output>
          </reporter-output>
        </test-method> <!-- testUntitledTestCase -->
        <test-method is-config="true" signature="tearDown()[pri:0, instance:test.Katalon@69997e9d]" started-at="2023-04-28T15:10:07 EEST" name="tearDown" finished-at="2023-04-28T15:10:07 EEST" duration-ms="118" status="PASS">
          <reporter-output>
          </reporter-output>
        </test-method> <!-- tearDown -->
      </class> <!-- test.Katalon -->
    </test> <!-- google -->
  </suite> <!-- All Test Suite -->
</testng-results>
